android-app/app/build/intermediates/manifest_merge_blame_file/debug/manifest-merger-blame-debug-report.txt
1<?xml version="1.0" encoding="utf-8"?>
2<manifest xmlns:android="http://schemas.android.com/apk/res/android"
3    package="com.readingnook.memoryplus.debug"
4    android:versionCode="1"
5    android:versionName="1.0.0" >
6
7    <uses-sdk
8        android:minSdkVersion="26"
9        android:targetSdkVersion="34" />
10
11    <!-- Required permissions for ReadingNook Memory+ -->
12    <uses-permission android:name="android.permission.INTERNET" />
12-->src\main\AndroidManifest.xml:6:5-67
12-->src\main\AndroidManifest.xml:6:22-64
13    <uses-permission android:name="android.permission.READ_EXTERNAL_STORAGE" />
13-->src\main\AndroidManifest.xml:7:5-80
13-->src\main\AndroidManifest.xml:7:22-77
14    <uses-permission
14-->src\main\AndroidManifest.xml:8:5-9:38
15        android:name="android.permission.WRITE_EXTERNAL_STORAGE"
15-->src\main\AndroidManifest.xml:8:22-78
16        android:maxSdkVersion="28" />
16-->src\main\AndroidManifest.xml:9:9-35
17    <uses-permission android:name="android.permission.MANAGE_EXTERNAL_STORAGE" />
17-->src\main\AndroidManifest.xml:10:5-11:40
17-->src\main\AndroidManifest.xml:10:22-79
18
19    <permission
19-->[androidx.core:core:1.13.0] AndroidManifest.xml:22:5-24:47
20        android:name="com.readingnook.memoryplus.debug.DYNAMIC_RECEIVER_NOT_EXPORTED_PERMISSION"
20-->[androidx.core:core:1.13.0] AndroidManifest.xml:23:9-81
21        android:protectionLevel="signature" />
21-->[androidx.core:core:1.13.0] AndroidManifest.xml:24:9-44
22
23    <uses-permission android:name="com.readingnook.memoryplus.debug.DYNAMIC_RECEIVER_NOT_EXPORTED_PERMISSION" /> <!-- Network security configuration for modern Android -->
23-->[androidx.core:core:1.13.0] AndroidManifest.xml:26:5-97
23-->[androidx.core:core:1.13.0] AndroidManifest.xml:26:22-94
24    <application
24-->src\main\AndroidManifest.xml:14:5-96:19
25        android:name="com.readingnook.memoryplus.ReadingNookApplication"
25-->src\main\AndroidManifest.xml:15:9-47
26        android:allowBackup="true"
26-->src\main\AndroidManifest.xml:16:9-35
27        android:appComponentFactory="androidx.core.app.CoreComponentFactory"
27-->[androidx.core:core:1.13.0] AndroidManifest.xml:28:18-86
28        android:backupAgent="com.readingnook.memoryplus.ReadingNookBackupAgent"
28-->src\main\AndroidManifest.xml:17:9-54
29        android:dataExtractionRules="@xml/data_extraction_rules"
29-->src\main\AndroidManifest.xml:18:9-65
30        android:debuggable="true"
31        android:extractNativeLibs="false"
32        android:fullBackupContent="@xml/backup_rules"
32-->src\main\AndroidManifest.xml:19:9-54
33        android:icon="@mipmap/ic_launcher"
33-->src\main\AndroidManifest.xml:20:9-43
34        android:label="@string/app_name"
34-->src\main\AndroidManifest.xml:21:9-41
35        android:networkSecurityConfig="@xml/network_security_config"
35-->src\main\AndroidManifest.xml:24:9-69
36        android:requestLegacyExternalStorage="true"
36-->src\main\AndroidManifest.xml:23:9-52
37        android:testOnly="true"
38        android:theme="@style/Theme.ReadingNookMemoryPlus" >
38-->src\main\AndroidManifest.xml:22:9-59
39
40        <!-- Splash Activity - App Entry Point -->
41        <activity
41-->src\main\AndroidManifest.xml:28:9-38:20
42            android:name="com.readingnook.memoryplus.ui.splash.SplashActivity"
42-->src\main\AndroidManifest.xml:29:13-53
43            android:exported="true"
43-->src\main\AndroidManifest.xml:30:13-36
44            android:launchMode="singleTop"
44-->src\main\AndroidManifest.xml:33:13-43
45            android:screenOrientation="portrait"
45-->src\main\AndroidManifest.xml:32:13-49
46            android:theme="@style/Theme.App.Starting" >
46-->src\main\AndroidManifest.xml:31:13-54
47            <intent-filter>
47-->src\main\AndroidManifest.xml:34:13-37:29
48                <action android:name="android.intent.action.MAIN" />
48-->src\main\AndroidManifest.xml:35:17-69
48-->src\main\AndroidManifest.xml:35:25-66
49
50                <category android:name="android.intent.category.LAUNCHER" />
50-->src\main\AndroidManifest.xml:36:17-77
50-->src\main\AndroidManifest.xml:36:27-74
51            </intent-filter>
52        </activity>
53
54        <!-- Authentication Activity -->
55        <activity
55-->src\main\AndroidManifest.xml:41:9-46:58
56            android:name="com.readingnook.memoryplus.ui.auth.AuthActivity"
56-->src\main\AndroidManifest.xml:42:13-49
57            android:exported="false"
57-->src\main\AndroidManifest.xml:43:13-37
58            android:screenOrientation="portrait"
58-->src\main\AndroidManifest.xml:45:13-49
59            android:theme="@style/Theme.ReadingNookMemoryPlus"
59-->src\main\AndroidManifest.xml:44:13-63
60            android:windowSoftInputMode="adjustResize" />
60-->src\main\AndroidManifest.xml:46:13-55
61
62        <!-- Main Activity - Book Library -->
63        <activity
63-->src\main\AndroidManifest.xml:49:9-54:58
64            android:name="com.readingnook.memoryplus.ui.main.MainActivity"
64-->src\main\AndroidManifest.xml:50:13-49
65            android:exported="false"
65-->src\main\AndroidManifest.xml:51:13-37
66            android:screenOrientation="portrait"
66-->src\main\AndroidManifest.xml:53:13-49
67            android:theme="@style/Theme.ReadingNookMemoryPlus"
67-->src\main\AndroidManifest.xml:52:13-63
68            android:windowSoftInputMode="adjustResize" />
68-->src\main\AndroidManifest.xml:54:13-55
69
70        <!-- Upload Activity -->
71        <activity
71-->src\main\AndroidManifest.xml:57:9-62:58
72            android:name="com.readingnook.memoryplus.ui.upload.UploadActivity"
72-->src\main\AndroidManifest.xml:58:13-53
73            android:exported="false"
73-->src\main\AndroidManifest.xml:59:13-37
74            android:screenOrientation="portrait"
74-->src\main\AndroidManifest.xml:61:13-49
75            android:theme="@style/Theme.ReadingNookMemoryPlus"
75-->src\main\AndroidManifest.xml:60:13-63
76            android:windowSoftInputMode="adjustResize" />
76-->src\main\AndroidManifest.xml:62:13-55
77
78        <!-- Reader Activity -->
79        <activity
79-->src\main\AndroidManifest.xml:65:9-70:58
80            android:name="com.readingnook.memoryplus.ui.reader.ReaderActivity"
80-->src\main\AndroidManifest.xml:66:13-53
81            android:exported="false"
81-->src\main\AndroidManifest.xml:67:13-37
82            android:screenOrientation="portrait"
82-->src\main\AndroidManifest.xml:69:13-49
83            android:theme="@style/Theme.ReadingNookMemoryPlus"
83-->src\main\AndroidManifest.xml:68:13-63
84            android:windowSoftInputMode="adjustResize" />
84-->src\main\AndroidManifest.xml:70:13-55
85
86        <!-- Notes Activity -->
87        <activity
87-->src\main\AndroidManifest.xml:73:9-78:58
88            android:name="com.readingnook.memoryplus.ui.notes.NotesActivity"
88-->src\main\AndroidManifest.xml:74:13-51
89            android:exported="false"
89-->src\main\AndroidManifest.xml:75:13-37
90            android:screenOrientation="portrait"
90-->src\main\AndroidManifest.xml:77:13-49
91            android:theme="@style/Theme.ReadingNookMemoryPlus"
91-->src\main\AndroidManifest.xml:76:13-63
92            android:windowSoftInputMode="adjustResize" />
92-->src\main\AndroidManifest.xml:78:13-55
93
94        <!-- File provider for sharing -->
95        <provider
96            android:name="androidx.core.content.FileProvider"
96-->src\main\AndroidManifest.xml:82:13-62
97            android:authorities="com.readingnook.memoryplus.debug.fileprovider"
97-->src\main\AndroidManifest.xml:83:13-64
98            android:exported="false"
98-->src\main\AndroidManifest.xml:84:13-37
99            android:grantUriPermissions="true" >
99-->src\main\AndroidManifest.xml:85:13-47
100            <meta-data
100-->src\main\AndroidManifest.xml:86:13-88:54
101                android:name="android.support.FILE_PROVIDER_PATHS"
101-->src\main\AndroidManifest.xml:87:17-67
102                android:resource="@xml/file_paths" />
102-->src\main\AndroidManifest.xml:88:17-51
103        </provider>
104
105        <!-- Backup agent for data persistence -->
106        <meta-data
106-->src\main\AndroidManifest.xml:92:9-94:51
107            android:name="com.google.android.backup.api_key"
107-->src\main\AndroidManifest.xml:93:13-61
108            android:value="your_backup_api_key" />
108-->src\main\AndroidManifest.xml:94:13-48
109
110        <provider
110-->[androidx.emoji2:emoji2:1.2.0] AndroidManifest.xml:24:9-32:20
111            android:name="androidx.startup.InitializationProvider"
111-->[androidx.emoji2:emoji2:1.2.0] AndroidManifest.xml:25:13-67
112            android:authorities="com.readingnook.memoryplus.debug.androidx-startup"
112-->[androidx.emoji2:emoji2:1.2.0] AndroidManifest.xml:26:13-68
113            android:exported="false" >
113-->[androidx.emoji2:emoji2:1.2.0] AndroidManifest.xml:27:13-37
114            <meta-data
114-->[androidx.emoji2:emoji2:1.2.0] AndroidManifest.xml:29:13-31:52
115                android:name="androidx.emoji2.text.EmojiCompatInitializer"
115-->[androidx.emoji2:emoji2:1.2.0] AndroidManifest.xml:30:17-75
116                android:value="androidx.startup" />
116-->[androidx.emoji2:emoji2:1.2.0] AndroidManifest.xml:31:17-49
117            <meta-data
117-->[androidx.lifecycle:lifecycle-process:2.7.0] AndroidManifest.xml:29:13-31:52
118                android:name="androidx.lifecycle.ProcessLifecycleInitializer"
118-->[androidx.lifecycle:lifecycle-process:2.7.0] AndroidManifest.xml:30:17-78
119                android:value="androidx.startup" />
119-->[androidx.lifecycle:lifecycle-process:2.7.0] AndroidManifest.xml:31:17-49
120            <meta-data
120-->[androidx.profileinstaller:profileinstaller:1.3.1] AndroidManifest.xml:29:13-31:52
121                android:name="androidx.profileinstaller.ProfileInstallerInitializer"
121-->[androidx.profileinstaller:profileinstaller:1.3.1] AndroidManifest.xml:30:17-85
122                android:value="androidx.startup" />
122-->[androidx.profileinstaller:profileinstaller:1.3.1] AndroidManifest.xml:31:17-49
123        </provider>
124
125        <uses-library
125-->[androidx.window:window:1.0.0] AndroidManifest.xml:25:9-27:40
126            android:name="androidx.window.extensions"
126-->[androidx.window:window:1.0.0] AndroidManifest.xml:26:13-54
127            android:required="false" />
127-->[androidx.window:window:1.0.0] AndroidManifest.xml:27:13-37
128        <uses-library
128-->[androidx.window:window:1.0.0] AndroidManifest.xml:28:9-30:40
129            android:name="androidx.window.sidecar"
129-->[androidx.window:window:1.0.0] AndroidManifest.xml:29:13-51
130            android:required="false" />
130-->[androidx.window:window:1.0.0] AndroidManifest.xml:30:13-37
131
132        <service
132-->[androidx.room:room-runtime:2.6.1] AndroidManifest.xml:24:9-28:63
133            android:name="androidx.room.MultiInstanceInvalidationService"
133-->[androidx.room:room-runtime:2.6.1] AndroidManifest.xml:25:13-74
134            android:directBootAware="true"
134-->[androidx.room:room-runtime:2.6.1] AndroidManifest.xml:26:13-43
135            android:exported="false" />
135-->[androidx.room:room-runtime:2.6.1] AndroidManifest.xml:27:13-37
136
137        <receiver
137-->[androidx.profileinstaller:profileinstaller:1.3.1] AndroidManifest.xml:34:9-52:20
138            android:name="androidx.profileinstaller.ProfileInstallReceiver"
138-->[androidx.profileinstaller:profileinstaller:1.3.1] AndroidManifest.xml:35:13-76
139            android:directBootAware="false"
139-->[androidx.profileinstaller:profileinstaller:1.3.1] AndroidManifest.xml:36:13-44
140            android:enabled="true"
140-->[androidx.profileinstaller:profileinstaller:1.3.1] AndroidManifest.xml:37:13-35
141            android:exported="true"
141-->[androidx.profileinstaller:profileinstaller:1.3.1] AndroidManifest.xml:38:13-36
142            android:permission="android.permission.DUMP" >
142-->[androidx.profileinstaller:profileinstaller:1.3.1] AndroidManifest.xml:39:13-57
143            <intent-filter>
143-->[androidx.profileinstaller:profileinstaller:1.3.1] AndroidManifest.xml:40:13-42:29
144                <action android:name="androidx.profileinstaller.action.INSTALL_PROFILE" />
144-->[androidx.profileinstaller:profileinstaller:1.3.1] AndroidManifest.xml:41:17-91
144-->[androidx.profileinstaller:profileinstaller:1.3.1] AndroidManifest.xml:41:25-88
145            </intent-filter>
146            <intent-filter>
146-->[androidx.profileinstaller:profileinstaller:1.3.1] AndroidManifest.xml:43:13-45:29
147                <action android:name="androidx.profileinstaller.action.SKIP_FILE" />
147-->[androidx.profileinstaller:profileinstaller:1.3.1] AndroidManifest.xml:44:17-85
147-->[androidx.profileinstaller:profileinstaller:1.3.1] AndroidManifest.xml:44:25-82
148            </intent-filter>
149            <intent-filter>
149-->[androidx.profileinstaller:profileinstaller:1.3.1] AndroidManifest.xml:46:13-48:29
150                <action android:name="androidx.profileinstaller.action.SAVE_PROFILE" />
150-->[androidx.profileinstaller:profileinstaller:1.3.1] AndroidManifest.xml:47:17-88
150-->[androidx.profileinstaller:profileinstaller:1.3.1] AndroidManifest.xml:47:25-85
151            </intent-filter>
152            <intent-filter>
152-->[androidx.profileinstaller:profileinstaller:1.3.1] AndroidManifest.xml:49:13-51:29
153                <action android:name="androidx.profileinstaller.action.BENCHMARK_OPERATION" />
153-->[androidx.profileinstaller:profileinstaller:1.3.1] AndroidManifest.xml:50:17-95
153-->[androidx.profileinstaller:profileinstaller:1.3.1] AndroidManifest.xml:50:25-92
154            </intent-filter>
155        </receiver>
156    </application>
157
158</manifest>